TN:
SF:script/DeployDSC.s.sol
DA:14,6
FN:14,DeployDSC.run
FNDA:6,DeployDSC.run
DA:15,6
DA:17,6
DA:18,6
DA:20,6
DA:21,6
DA:23,6
DA:24,6
DA:25,6
DA:27,6
DA:28,6
DA:30,6
FNF:1
FNH:1
LF:12
LH:12
BRF:0
BRH:0
end_of_record
TN:
SF:script/HelperConfig.s.sol
DA:25,6
FN:25,HelperConfig.constructor
FNDA:6,HelperConfig.constructor
DA:26,6
BRDA:26,0,0,-
BRDA:26,0,1,6
DA:27,0
DA:29,6
DA:33,0
FN:33,HelperConfig.getSepoliaEthConfig
FNDA:0,HelperConfig.getSepoliaEthConfig
DA:34,0
DA:43,6
FN:43,HelperConfig.getOrCreateAnvilEthConfig
FNDA:6,HelperConfig.getOrCreateAnvilEthConfig
DA:44,6
BRDA:44,1,0,-
DA:45,0
DA:48,6
DA:50,6
DA:51,6
DA:53,6
DA:54,6
DA:56,6
DA:58,6
FNF:3
FNH:2
LF:16
LH:12
BRF:3
BRH:1
end_of_record
TN:
SF:src/DSCEngine.sol
DA:84,0
FN:84,DSCEngine.moreThanZero
FNDA:0,DSCEngine.moreThanZero
DA:85,0
BRDA:85,0,0,-
DA:86,0
DA:90,2
FN:90,DSCEngine.isAllowedToken
FNDA:2,DSCEngine.isAllowedToken
DA:91,2
BRDA:91,1,0,1
DA:92,1
DA:100,7
FN:100,DSCEngine.constructor
FNDA:7,DSCEngine.constructor
DA:101,7
BRDA:101,2,0,1
DA:102,1
DA:104,6
DA:105,12
DA:106,12
DA:108,6
DA:118,0
FN:118,DSCEngine.depositCollateralAndMintDsc
FNDA:0,DSCEngine.depositCollateralAndMintDsc
DA:123,0
DA:124,0
DA:133,3
FN:133,DSCEngine.depositCollateral
FNDA:3,DSCEngine.depositCollateral
DA:139,1
DA:140,1
DA:141,1
DA:142,1
BRDA:142,3,0,-
DA:143,0
DA:147,0
FN:147,DSCEngine.redeemCollateralForDsc
FNDA:0,DSCEngine.redeemCollateralForDsc
DA:150,0
DA:151,0
DA:154,0
FN:154,DSCEngine.redeemCollateral
FNDA:0,DSCEngine.redeemCollateral
DA:159,0
DA:160,0
DA:163,0
FN:163,DSCEngine.mintDsc
FNDA:0,DSCEngine.mintDsc
DA:164,0
DA:165,0
DA:166,0
DA:167,0
BRDA:167,4,0,-
DA:168,0
DA:172,0
FN:172,DSCEngine.burnDsc
FNDA:0,DSCEngine.burnDsc
DA:173,0
DA:174,0
DA:177,0
FN:177,DSCEngine.liquidate
FNDA:0,DSCEngine.liquidate
DA:182,0
DA:183,0
BRDA:183,5,0,-
DA:184,0
DA:187,0
DA:189,0
DA:190,0
DA:191,0
DA:192,0
DA:194,0
DA:195,0
BRDA:195,6,0,-
DA:196,0
DA:198,0
DA:201,0
FN:201,DSCEngine.getHealthFactor
FNDA:0,DSCEngine.getHealthFactor
DA:205,0
FN:205,DSCEngine._burnDsc
FNDA:0,DSCEngine._burnDsc
DA:206,0
DA:207,0
DA:208,0
BRDA:208,7,0,-
DA:209,0
DA:211,0
DA:214,0
FN:214,DSCEngine._redeemCollateral
FNDA:0,DSCEngine._redeemCollateral
DA:217,0
DA:218,0
DA:219,0
DA:220,0
BRDA:220,8,0,-
DA:221,0
DA:225,1
FN:225,DSCEngine._getAccountInformation
FNDA:1,DSCEngine._getAccountInformation
DA:230,1
DA:231,1
DA:234,0
FN:234,DSCEngine._healthFactor
FNDA:0,DSCEngine._healthFactor
DA:235,0
DA:236,0
DA:237,0
DA:240,0
FN:240,DSCEngine._revertIfHealthFactorIsBroken
FNDA:0,DSCEngine._revertIfHealthFactorIsBroken
DA:241,0
DA:242,0
BRDA:242,9,0,-
DA:243,0
DA:251,2
FN:251,DSCEngine.getTokenAmountFromUsd
FNDA:2,DSCEngine.getTokenAmountFromUsd
DA:252,2
DA:253,2
DA:254,2
DA:257,0
FN:257,DSCEngine.getAccountCollateralValue
FNDA:0,DSCEngine.getAccountCollateralValue
DA:258,1
DA:259,2
DA:260,2
DA:261,2
DA:263,0
DA:266,1
FN:266,DSCEngine.getUsdValue
FNDA:1,DSCEngine.getUsdValue
DA:267,3
DA:268,3
DA:270,3
DA:273,1
FN:273,DSCEngine.getAccountInformation
FNDA:1,DSCEngine.getAccountInformation
DA:274,1
FNF:20
FNH:7
LF:90
LH:32
BRF:10
BRH:2
end_of_record
TN:
SF:src/DecentralizedStableCoin.sol
DA:49,0
FN:49,DecentralizedStableCoin.burn
FNDA:0,DecentralizedStableCoin.burn
DA:50,0
DA:51,0
BRDA:51,0,0,-
DA:52,0
DA:54,0
BRDA:54,1,0,-
DA:55,0
DA:57,0
DA:60,0
FN:60,DecentralizedStableCoin.mint
FNDA:0,DecentralizedStableCoin.mint
DA:61,0
BRDA:61,2,0,-
DA:62,0
DA:65,0
BRDA:65,3,0,-
DA:66,0
DA:68,0
DA:69,0
FNF:2
FNH:0
LF:14
LH:0
BRF:4
BRH:0
end_of_record
TN:
SF:test/mocks/MockV3Aggregator.sol
DA:24,12
FN:24,MockV3Aggregator.constructor
FNDA:12,MockV3Aggregator.constructor
DA:25,12
DA:26,12
DA:29,12
FN:29,MockV3Aggregator.updateAnswer
FNDA:12,MockV3Aggregator.updateAnswer
DA:30,12
DA:31,12
DA:32,12
DA:33,12
DA:34,12
DA:35,12
DA:38,0
FN:38,MockV3Aggregator.updateRoundData
FNDA:0,MockV3Aggregator.updateRoundData
DA:39,0
DA:40,0
DA:41,0
DA:42,0
DA:43,0
DA:44,0
DA:47,0
FN:47,MockV3Aggregator.getRoundData
FNDA:0,MockV3Aggregator.getRoundData
DA:52,0
DA:55,5
FN:55,MockV3Aggregator.latestRoundData
FNDA:5,MockV3Aggregator.latestRoundData
DA:60,5
DA:75,0
FN:75,MockV3Aggregator.description
FNDA:0,MockV3Aggregator.description
DA:76,0
FNF:6
FNH:3
LF:23
LH:12
BRF:0
BRH:0
end_of_record
